Using pre-set license
Built from '2021.1/staging' branch; Version is '2021.1.7f1 (d91830b65d9b) revision 14227504'; Using compiler version '192528614'; Build Type 'Release'
OS: 'Windows 10 Pro; OS build 22000.282; Version 2009; 64bit' Language: 'ja' Physical Memory: 65450 MB
BatchMode: 1, IsHumanControllingUs: 0, StartBugReporterOnCrash: 0, Is64bit: 1, IsPro: 0

 COMMAND LINE ARGUMENTS:
S:\Develop\Unityenv\2021.1.7f1\Editor\Unity.exe
-adb2
-batchMode
-noUpm
-name
AssetImportWorker0
-projectPath
E:/Users/taka0/Documents/GitHub/JIII_Game/JIsshuPrototype
-logFile
Logs/AssetImportWorker0.log
-srvPort
50249
Successfully changed project path to: E:/Users/taka0/Documents/GitHub/JIII_Game/JIsshuPrototype
E:/Users/taka0/Documents/GitHub/JIII_Game/JIsshuPrototype
Using Asset Import Pipeline V2.
Refreshing native plugins compatible for Editor in 88.85 ms, found 1 plugins.
Preloading 0 native plugins for Editor in 0.00 ms.
Initialize engine version: 2021.1.7f1 (d91830b65d9b)
[Subsystems] Discovering subsystems at path S:/Develop/Unityenv/2021.1.7f1/Editor/Data/Resources/UnitySubsystems
[Subsystems] Discovering subsystems at path E:/Users/taka0/Documents/GitHub/JIII_Game/JIsshuPrototype/Assets
GfxDevice: creating device client; threaded=0; jobified=0
Direct3D:
    Version:  Direct3D 11.0 [level 11.1]
    Renderer: NVIDIA GeForce RTX 3090 (ID=0x2204)
    Vendor:   NVIDIA
    VRAM:     24348 MB
    Driver:   30.0.14.9613
Initialize mono
Mono path[0] = 'S:/Develop/Unityenv/2021.1.7f1/Editor/Data/Managed'
Mono path[1] = 'S:/Develop/Unityenv/2021.1.7f1/Editor/Data/MonoBleedingEdge/lib/mono/unityjit'
Mono config path = 'S:/Develop/Unityenv/2021.1.7f1/Editor/Data/MonoBleedingEdge/etc'
Using monoOptions --debugger-agent=transport=dt_socket,embedding=1,server=y,suspend=n,address=127.0.0.1:56328
Begin MonoManager ReloadAssembly
Registering precompiled unity dll's ...
Register platform support module: S:/Develop/Unityenv/2021.1.7f1/Editor/Data/PlaybackEngines/WebGLSupport/UnityEditor.WebGL.Extensions.dll
Register platform support module: S:/Develop/Unityenv/2021.1.7f1/Editor/Data/PlaybackEngines/WindowsStandaloneSupport/UnityEditor.WindowsStandalone.Extensions.dll
Registered in 0.001070 seconds.
Native extension for WindowsStandalone target not found
Native extension for WebGL target not found
Refreshing native plugins compatible for Editor in 94.70 ms, found 1 plugins.
Preloading 0 native plugins for Editor in 0.00 ms.
Mono: successfully reloaded assembly
- Completed reload, in  1.116 seconds
Platform modules already initialized, skipping
Registering precompiled user dll's ...
Registered in 0.002017 seconds.
Begin MonoManager ReloadAssembly
Symbol file LoadedFromMemory doesn't match image E:\Users\taka0\Documents\GitHub\JIII_Game\JIsshuPrototype\Library\PackageCache\com.unity.visualscripting@1.6.1\Editor\VisualScripting.Core\Dependencies\YamlDotNet\Unity.VisualScripting.YamlDotNet.dll
Symbol file LoadedFromMemory doesn't match image E:\Users\taka0\Documents\GitHub\JIII_Game\JIsshuPrototype\Library\PackageCache\com.unity.visualscripting@1.6.1\Editor\VisualScripting.Core\Dependencies\DotNetZip\Unity.VisualScripting.IonicZip.dll
Native extension for WindowsStandalone target not found
Native extension for WebGL target not found
Refreshing native plugins compatible for Editor in 0.73 ms, found 1 plugins.
Preloading 0 native plugins for Editor in 0.00 ms.
Mono: successfully reloaded assembly
- Completed reload, in  1.678 seconds
Platform modules already initialized, skipping
========================================================================
Worker process is ready to serve import requests
Launched and connected shader compiler UnityShaderCompiler.exe after 0.06 seconds
Refreshing native plugins compatible for Editor in 0.74 ms, found 1 plugins.
Preloading 0 native plugins for Editor in 0.00 ms.
Unloading 2896 Unused Serialized files (Serialized files now loaded: 0)
System memory in use before: 132.6 MB.
System memory in use after: 132.8 MB.

Unloading 14 unused Assets to reduce memory usage. Loaded Objects now: 3362.
Total: 2.063000 ms (FindLiveObjects: 0.330000 ms CreateObjectMapping: 0.076700 ms MarkObjects: 1.550700 ms  DeleteObjects: 0.104000 ms)

========================================================================
Received Import Request.
  path: Assets/UI02.png
  artifactKey: Guid(f5d9313cd77149141a57996ebbc3f1de) Importer(815301076,1909f56bfc062723c751e8b465ee728b)
Start importing Assets/UI02.png using Guid(f5d9313cd77149141a57996ebbc3f1de) Importer(815301076,1909f56bfc062723c751e8b465ee728b)  -> (artifact id: 'c0cff7c2a1eb81ea4bc6361351844842') in 0.104913 seconds 
========================================================================
Received Import Request.
  Time since last request: 0.000245 seconds.
  path: Assets/Start.mp4
  artifactKey: Guid(e951d26bee5fdb54d8fdb27e1a57dd91) Importer(815301076,1909f56bfc062723c751e8b465ee728b)
Start importing Assets/Start.mp4 using Guid(e951d26bee5fdb54d8fdb27e1a57dd91) Importer(815301076,1909f56bfc062723c751e8b465ee728b)  -> (artifact id: 'fcdb0346076b654786766335608bce95') in 0.005028 seconds 
========================================================================
Received Import Request.
  Time since last request: 3.509899 seconds.
  path: Assets/unity-chan!
  artifactKey: Guid(d5fed26db9a8f584180e18614567803c) Importer(815301076,1909f56bfc062723c751e8b465ee728b)
Start importing Assets/unity-chan! using Guid(d5fed26db9a8f584180e18614567803c) Importer(815301076,1909f56bfc062723c751e8b465ee728b)  -> (artifact id: '114606a3441fb1efcf978fb6f1787681') in 0.002596 seconds 
========================================================================
Received Import Request.
  Time since last request: 1.133455 seconds.
  path: Assets/unity-chan!/Unity-chan! Model
  artifactKey: Guid(6395fe2434a22ef41b83186b290f8fab) Importer(815301076,1909f56bfc062723c751e8b465ee728b)
Start importing Assets/unity-chan!/Unity-chan! Model using Guid(6395fe2434a22ef41b83186b290f8fab) Importer(815301076,1909f56bfc062723c751e8b465ee728b)  -> (artifact id: '3086a7b1dc77f342f266cc62c5f2032d') in 0.002384 seconds 
========================================================================
Received Import Request.
  Time since last request: 2.999345 seconds.
  path: Assets/unity-chan!/Unity-chan! Model/Audio
  artifactKey: Guid(c388b2cfb1710a449aeb185fe484b341) Importer(815301076,1909f56bfc062723c751e8b465ee728b)
Start importing Assets/unity-chan!/Unity-chan! Model/Audio using Guid(c388b2cfb1710a449aeb185fe484b341) Importer(815301076,1909f56bfc062723c751e8b465ee728b)  -> (artifact id: '39ac7271007f8ff3b9a526d15928467e') in 0.002517 seconds 
AssetImportWorkerClient::OnTransportError - code=2 error=End of file
